<?xml version="1.0" encoding="UTF-8"?>
<!-- Generated by org.testng.reporters.JUnitXMLReporter -->
<testsuite ignored="0" hostname="DESKTOP-3558PD8" failures="0" tests="3" name="Default test" time="40.588" errors="0" timestamp="2025-07-25T20:33:45 IST">
  <testcase classname="com.suitecrm.testcases.LoginPageTestWithDataProvider" name="loginTestd" time="3.764"/>
  <testcase classname="com.suitecrm.testcases.LoginPageTestWithDataProvider" name="loginTestd" time="10.871"/>
  <testcase classname="com.suitecrm.testcases.LoginPageTestWithDataProvider" name="loginTestd" time="5.761"/>
</testsuite> <!-- Default test -->
