<?xml version="1.0" encoding="UTF-8"?>
<testng-results ignored="0" total="4" passed="4" failed="0" skipped="0">
  <reporter-output>
  </reporter-output>
  <suite started-at="2025-07-13T16:12:45 IST" name="Surefire suite" finished-at="2025-07-13T16:12:55 IST" duration-ms="9119">
    <groups>
    </groups>
    <test started-at="2025-07-13T16:12:45 IST" name="Surefire test" finished-at="2025-07-13T16:12:55 IST" duration-ms="9119">
      <class name="com.suitecrm.testcases.LoginPageTest">
        <test-method is-config="true" signature="setUp()[pri:0, instance:com.suitecrm.testcases.LoginPageTest@41fbdac4]" started-at="2025-07-13T16:12:45 IST" name="setUp" finished-at="2025-07-13T16:12:51 IST" duration-ms="5568" status="PASS">
          <reporter-output>
          </reporter-output>
        </test-method> <!-- setUp -->
        <test-method signature="verifyLogoTest()[pri:0, instance:com.suitecrm.testcases.LoginPageTest@41fbdac4]" started-at="2025-07-13T16:12:51 IST" name="verifyLogoTest" finished-at="2025-07-13T16:12:54 IST" duration-ms="2916" status="PASS">
          <reporter-output>
          </reporter-output>
        </test-method> <!-- verifyLogoTest -->
        <test-method signature="verifyURLTest()[pri:1, instance:com.suitecrm.testcases.LoginPageTest@41fbdac4]" started-at="2025-07-13T16:12:54 IST" name="verifyURLTest" finished-at="2025-07-13T16:12:54 IST" duration-ms="20" status="PASS">
          <reporter-output>
          </reporter-output>
        </test-method> <!-- verifyURLTest -->
        <test-method signature="verifyTitleTest()[pri:3, instance:com.suitecrm.testcases.LoginPageTest@41fbdac4]" started-at="2025-07-13T16:12:54 IST" name="verifyTitleTest" finished-at="2025-07-13T16:12:54 IST" duration-ms="14" status="PASS">
          <reporter-output>
          </reporter-output>
        </test-method> <!-- verifyTitleTest -->
        <test-method signature="loginTest()[pri:4, instance:com.suitecrm.testcases.LoginPageTest@41fbdac4]" started-at="2025-07-13T16:12:54 IST" name="loginTest" finished-at="2025-07-13T16:12:54 IST" duration-ms="292" status="PASS">
          <reporter-output>
          </reporter-output>
        </test-method> <!-- loginTest -->
        <test-method is-config="true" signature="tearDown()[pri:0, instance:com.suitecrm.testcases.LoginPageTest@41fbdac4]" started-at="2025-07-13T16:12:54 IST" name="tearDown" finished-at="2025-07-13T16:12:55 IST" duration-ms="253" status="PASS">
          <reporter-output>
          </reporter-output>
        </test-method> <!-- tearDown -->
      </class> <!-- com.suitecrm.testcases.LoginPageTest -->
    </test> <!-- Surefire test -->
  </suite> <!-- Surefire suite -->
</testng-results>
