<?xml version="1.0" encoding="UTF-8"?>
<testsuite xmlns:xsi="http://www.w3.org/2001/XMLSchema-instance" xsi:noNamespaceSchemaLocation="https://maven.apache.org/surefire/maven-surefire-plugin/xsd/surefire-test-report.xsd" version="3.0.1" name="com.suitecrm.testcases.LoginPageTest" time="9.65" tests="4" errors="0" skipped="0" failures="0">
  <properties>
[...]
</properties>
  <testcase name="verifyLogoTest" classname="com.suitecrm.testcases.LoginPageTest" time="2.916">
    <system-err><![CDATA[SLF4J(W): No SLF4J providers were found.
SLF4J(W): Defaulting to no-operation (NOP) logger implementation
SLF4J(W): See https://www.slf4j.org/codes.html#noProviders for further details.
]]></system-err>
  </testcase>
  <testcase name="verifyURLTest" classname="com.suitecrm.testcases.LoginPageTest" time="0.02">
    <system-out><![CDATA[https://suite8demo.suiteondemand.com/#/Login
]]></system-out>
  </testcase>
  <testcase name="verifyTitleTest" classname="com.suitecrm.testcases.LoginPageTest" time="0.014"/>
  <testcase name="loginTest" classname="com.suitecrm.testcases.LoginPageTest" time="0.284"/>
</testsuite>