<?xml version="1.0" encoding="UTF-8"?>
<testng-results ignored="0" total="4" passed="4" failed="0" skipped="0">
  <reporter-output>
  </reporter-output>
  <suite started-at="2025-07-13T16:37:55 IST" name="Suite" finished-at="2025-07-13T16:38:01 IST" duration-ms="6787">
    <groups>
    </groups>
    <test started-at="2025-07-13T16:37:55 IST" name="Test" finished-at="2025-07-13T16:38:01 IST" duration-ms="6787">
      <class name="com.suitecrm.testcases.LoginPageTest">
        <test-method is-config="true" signature="setUp()[pri:0, instance:com.suitecrm.testcases.LoginPageTest@7dc0f706]" started-at="2025-07-13T16:37:55 IST" name="setUp" finished-at="2025-07-13T16:37:59 IST" duration-ms="4465" status="PASS">
          <reporter-output>
          </reporter-output>
        </test-method> <!-- setUp -->
        <test-method signature="verifyLogoTest()[pri:0, instance:com.suitecrm.testcases.LoginPageTest@7dc0f706]" started-at="2025-07-13T16:37:59 IST" name="verifyLogoTest" finished-at="2025-07-13T16:38:01 IST" duration-ms="1995" status="PASS">
          <reporter-output>
          </reporter-output>
        </test-method> <!-- verifyLogoTest -->
        <test-method signature="verifyURLTest()[pri:1, instance:com.suitecrm.testcases.LoginPageTest@7dc0f706]" started-at="2025-07-13T16:38:01 IST" name="verifyURLTest" finished-at="2025-07-13T16:38:01 IST" duration-ms="8" status="PASS">
          <reporter-output>
          </reporter-output>
        </test-method> <!-- verifyURLTest -->
        <test-method signature="verifyTitleTest()[pri:3, instance:com.suitecrm.testcases.LoginPageTest@7dc0f706]" started-at="2025-07-13T16:38:01 IST" name="verifyTitleTest" finished-at="2025-07-13T16:38:01 IST" duration-ms="8" status="PASS">
          <reporter-output>
          </reporter-output>
        </test-method> <!-- verifyTitleTest -->
        <test-method signature="loginTest()[pri:4, instance:com.suitecrm.testcases.LoginPageTest@7dc0f706]" started-at="2025-07-13T16:38:01 IST" name="loginTest" finished-at="2025-07-13T16:38:01 IST" duration-ms="162" status="PASS">
          <reporter-output>
          </reporter-output>
        </test-method> <!-- loginTest -->
        <test-method is-config="true" signature="tearDown()[pri:0, instance:com.suitecrm.testcases.LoginPageTest@7dc0f706]" started-at="2025-07-13T16:38:01 IST" name="tearDown" finished-at="2025-07-13T16:38:01 IST" duration-ms="116" status="PASS">
          <reporter-output>
          </reporter-output>
        </test-method> <!-- tearDown -->
      </class> <!-- com.suitecrm.testcases.LoginPageTest -->
    </test> <!-- Test -->
  </suite> <!-- Suite -->
</testng-results>
